Turbo Assembler	 Version 4.1	    03/02/19 00:25:48	    Page 1
to10.asm



      1				     Public Num_to_dec
      2
      3	0000			     model tiny
      4	0000			     .code
      5
      6				     ;------------------------------------------------------------------------------
      7				     ;Entry:
      8				     ;	     num - number
      9				     ;	     seg - segment
     10				     ;	     poiner of start
     11				     ;	     colour
     12				     ;Exit:
     13				     ;	     ax	- num of put byte
     14				     ;Destr:
     15				     ;	     bx, cx, dx
     16				     ;
     17				     ;------------------------------------------------------------------------------
     18
     19
     20
     21	0000			     Num_to_dec	proc
     22	0000  55				     push bp
     23	0001  8B EC				     mov bp, sp
     24
     25	0003  56				     push si
     26	0004  06				     push es
     27
     28	0005  8B 46 04				     mov ax, [bp + 04h]
     29	0008  BA 0000				     mov dx, 0000h
     30	000B  8B 5E 06				     mov bx, [bp + 06h]
     31	000E  8E C3				     mov es, bx
     32
     33	0010  B9 0005				     mov cx, 0005h
     34	0013  BB 000A				     mov bx, 000ah
     35
     36	0016					     While_ram_dec:
     37	0016  3D 0000				     cmp ax, 0000h
     38	0019  76 0B				     jbe break
     39	001B  BA 0000				     mov dx, 0000h
     40	001E  F7 F3				     div bx
     41	0020  83 C2 30				     add dx, '0'
     42	0023  52				     push dx
     43	0024  E2 F0				     loop While_ram_dec
     44	0026					     break:
     45
     46
     47	0026  B8 0005				     mov ax, 0005h
     48	0029  2B C1				     sub ax, cx
     49
     50	002B  8B 5E 08				     mov bx, [bp + 08h]
     51	002E  8B 76 0A				     mov si, [bp + 0ah]
     52	0031  D1 E6 D1 E6 D1 E6	D1+		     shl si, 8
     53	      E6 D1 E6 D1 E6 D1	E6+
     54	      D1 E6
     55
     56	0041  33 C9				     xor cx, cx
     57
Turbo Assembler	 Version 4.1	    03/02/19 00:25:48	    Page 2
to10.asm



     58	0043					     while_pop_dec:
     59	0043  5A				     pop dx
     60	0044  0B D6				     or	dx, si
     61	0046  26: 89 17				     mov word ptr es:[bx], dx
     62	0049  43				     inc bx
     63	004A  43				     inc bx
     64	004B  41				     inc cx
     65	004C  3B C8				     cmp cx, ax
     66	004E  72 F3				     jb	while_pop_dec
     67
     68
     69	0050  5E				     pop si
     70	0051  07				     pop es
     71	0052  5D				     pop bp
     72
     73	0053  C2 0008		     ret 08h
     74
     75	0056			     endp
     76
     77				     end
Turbo Assembler	 Version 4.1	    03/02/19 00:25:48	    Page 3
Symbol Table




Symbol Name			  Type	 Value

??DATE				  Text	 "03/02/19"
??FILENAME			  Text	 "to10	  "
??TIME				  Text	 "00:25:48"
??VERSION			  Number 040A
@32BIT				  Text	 0
@CODE				  Text	 DGROUP
@CODESIZE			  Text	 0
@CPU				  Text	 0101H
@CURSEG				  Text	 _TEXT
@DATA				  Text	 DGROUP
@DATASIZE			  Text	 0
@FILENAME			  Text	 TO10
@INTERFACE			  Text	 000H
@MODEL				  Text	 1
@STACK				  Text	 DGROUP
@WORDSIZE			  Text	 2
BREAK				  Near	 DGROUP:0026
NUM_TO_DEC			  Near	 DGROUP:0000
WHILE_POP_DEC			  Near	 DGROUP:0043
WHILE_RAM_DEC			  Near	 DGROUP:0016

Groups & Segments		  Bit Size Align  Combine Class

DGROUP				  Group
  _DATA				  16  0000 Word	  Public  DATA
  _TEXT				  16  0056 Word	  Public  CODE
