Turbo Assembler	 Version 4.1	    03/01/19 23:06:48	    Page 1
tohex.asm



      1				     Public Num_to_hex
      2
      3	0000			     model tiny
      4
      5	0000			     .code
      6
      7				     ;------------------------------------------------------------------------------
      8				     ;Print hex	number
      9				     ;
     10				     ;Entry:
     11				     ;	     num - number
     12				     ;	     seg - segment
     13				     ;	     pointer in	segment
     14				     ;	     colour
     15				     ;Exit:
     16				     ;	     none
     17				     ;Destr:
     18				     ;	     ax, bx, cx, dx
     19				     ;
     20				     ;------------------------------------------------------------------------------
     21
     22
     23	0000			     Num_to_hex	proc
     24	0000  55					     push bp
     25	0001  8B EC					     mov bp, sp
     26
     27	0003  56					     push si
     28	0004  06					     push es
     29
     30	0005  8B 5E 06					     mov bx, [bp + 06h]
     31	0008  8E C3					     mov es, bx
     32
     33	000A  8B 56 04					     mov dx, [bp + 04h]
     34
     35	000D  BB 0000r					     mov bx, offset Table_ASC
     36	0010  33 C9					     xor cx, cx
     37
     38	0012  8B 76 0A					     mov si, [bp + 0ah]
     39	0015  D1 E6 D1 E6 D1 E6	D1+			     shl si, 8
     40	      E6 D1 E6 D1 E6 D1	E6+
     41	      D1 E6
     42				     ;------------------------------------------------------------------------------
     43				     ;ax - will	be change (register for	operations)
     44				     ;bx - address of special convert Table
     45				     ;cx - 0000h - counter
     46				     ;dx - original of number
     47				     ;si - colour | ASCII
     48				     ;------------------------------------------------------------------------------
     49	0025						     While_push_hex:
     50
     51	0025  8B C2					     mov ax, dx
     52	0027  D3 E8					     shr ax, cl
     53	0029  25 000F					     and ax, 000fh
     54	002C  D7					     xlat Table_ASC
     55	002D  0B F0					     or	si, ax
     56	002F  56					     push si
     57	0030  33 F0					     xor si, ax
Turbo Assembler	 Version 4.1	    03/01/19 23:06:48	    Page 2
tohex.asm



     58	0032  80 C1 04					     add cl, 04h
     59	0035  80 F9 10					     cmp cl, 10h
     60	0038  72 EB					     jb	While_push_hex
     61				     ;------------------------------------------------------------------------------
     62
     63	003A  8B 5E 08					     mov bx, [bp + 08h]
     64
     65	003D  8B CB					     mov cx, bx
     66	003F  83 C1 08					     add cx, 4 * 2;			     cx	+= bx +	4 * 2 // hex number +
     67				     - 4 pixels
     68
     69	0042						     While_print:
     70
     71	0042  58					     pop ax
     72	0043  26: 89 07					     mov word ptr es:[bx], ax
     73	0046  83 C3 02					     add bx, 2
     74	0049  3B D9					     cmp bx, cx
     75	004B  72 F5					     jb	While_print
     76
     77
     78	004D  07					     pop es
     79	004E  5E					     pop si
     80	004F  5D					     pop bp
     81
     82	0050  B8 0008					     mov ax, 08h
     83
     84	0053  C2 0008		     ret 08h
     85
     86	0056			     endp
     87
     88	0056			     .data
     89
     90	0000  30 31 32 33 34 35	36+  Table_ASC db '0123456789ABCDEF'
     91	      37 38 39 41 42 43	44+
     92	      45 46
     93
     94				     end
Turbo Assembler	 Version 4.1	    03/01/19 23:06:48	    Page 3
Symbol Table




Symbol Name			  Type	 Value

??DATE				  Text	 "03/01/19"
??FILENAME			  Text	 "tohex	  "
??TIME				  Text	 "23:06:48"
??VERSION			  Number 040A
@32BIT				  Text	 0
@CODE				  Text	 DGROUP
@CODESIZE			  Text	 0
@CPU				  Text	 0101H
@CURSEG				  Text	 _DATA
@DATA				  Text	 DGROUP
@DATASIZE			  Text	 0
@FILENAME			  Text	 TOHEX
@INTERFACE			  Text	 000H
@MODEL				  Text	 1
@STACK				  Text	 DGROUP
@WORDSIZE			  Text	 2
NUM_TO_HEX			  Near	 DGROUP:0000
TABLE_ASC			  Byte	 DGROUP:0000
WHILE_PRINT			  Near	 DGROUP:0042
WHILE_PUSH_HEX			  Near	 DGROUP:0025

Groups & Segments		  Bit Size Align  Combine Class

DGROUP				  Group
  _DATA				  16  0010 Word	  Public  DATA
  _TEXT				  16  0056 Word	  Public  CODE
